<?xml version="1.0" encoding="UTF-8"?>
<testng-results skipped="0" failed="0" total="1" passed="1">
  <reporter-output>
  </reporter-output>
  <suite name="Default suite" duration-ms="4849" started-at="2018-03-29T21:02:53Z" finished-at="2018-03-29T21:02:58Z">
    <groups>
    </groups>
    <test name="Default test" duration-ms="4849" started-at="2018-03-29T21:02:53Z" finished-at="2018-03-29T21:02:58Z">
      <class name="com.wbl.test.RestAssuredPostTest">
        <test-method status="PASS" signature="beforeSuite()[pri:0, instance:com.wbl.test.RestAssuredPostTest@5c7fa833]" name="beforeSuite" is-config="true" duration-ms="37" started-at="2018-03-29T17:02:53Z" finished-at="2018-03-29T17:02:53Z">
          <reporter-output>
          </reporter-output>
        </test-method> <!-- beforeSuite -->
        <test-method status="PASS" signature="postdata()[pri:0, instance:com.wbl.test.RestAssuredPostTest@5c7fa833]" name="postdata" duration-ms="4813" started-at="2018-03-29T17:02:53Z" finished-at="2018-03-29T17:02:58Z">
          <reporter-output>
          </reporter-output>
        </test-method> <!-- postdata -->
      </class> <!-- com.wbl.test.RestAssuredPostTest -->
    </test> <!-- Default test -->
  </suite> <!-- Default suite -->
</testng-results>
